<?xml version="1.0" encoding="UTF-8"?>
<!-- Generated by org.testng.reporters.JUnitXMLReporter -->
<testsuite hostname="DESKTOP-O34S300" ignored="0" name="Free CRM App Test Cases" tests="12" failures="0" timestamp="22 Jul 2018 14:50:22 GMT" time="136.555" errors="0">
  <testcase name="LoginPageTitleTest" time="0.022" classname="com.crm.qa.testcases.LoginPageTest"/>
  <testcase name="VerifyHomePageTitleTest" time="0.008" classname="com.crm.qa.testcases.HomePageTest"/>
  <testcase name="VerifyContactsPageLabelTest" time="0.052" classname="com.crm.qa.testcases.ContactsPageTest"/>
  <testcase name="crmLogoImageTest" time="0.062" classname="com.crm.qa.testcases.LoginPageTest"/>
  <testcase name="VerifyUserNameTest" time="0.076" classname="com.crm.qa.testcases.HomePageTest"/>
  <testcase name="selectSingleContactsTest" time="0.088" classname="com.crm.qa.testcases.ContactsPageTest"/>
  <testcase name="loginTest" time="3.367" classname="com.crm.qa.testcases.LoginPageTest"/>
  <testcase name="VerifyClickOnContactsTest" time="9.497" classname="com.crm.qa.testcases.HomePageTest"/>
  <testcase name="selectMultipleContactsTest" time="0.195" classname="com.crm.qa.testcases.ContactsPageTest"/>
  <testcase name="ValidateCreateNewContactTest" time="2.233" classname="com.crm.qa.testcases.ContactsPageTest"/>
  <testcase name="ValidateCreateNewContactTest" time="2.497" classname="com.crm.qa.testcases.ContactsPageTest"/>
  <testcase name="ValidateCreateNewContactTest" time="2.084" classname="com.crm.qa.testcases.ContactsPageTest"/>
</testsuite> <!-- Free CRM App Test Cases -->
